<?xml version="1.0" encoding="UTF-8"?>
<!-- Generated by org.testng.reporters.JUnitReportReporter -->
<testsuite hostname="LAPTOP-LP9QG413" failures="0" tests="1" name="Superstore.Walmart.ToysTest" time="0.000" errors="0" timestamp="2021-03-09T20:35:10 EST" skipped="0">
  <testcase classname="Superstore.Walmart.ToysTest" name="car" time="0.000"/>
  <system-out/>
</testsuite> <!-- Superstore.Walmart.ToysTest -->
